<?xml version="1.0" encoding="UTF-8"?>
<robot generator="Robot 3.2.2 (Python 3.7.0 on win32)" generated="20210201 10:02:10.240" rpa="false">
<suite id="s1" name="TC 014 FetchData" source="C:\Deepak\RobotFramework\TestCases\TC_014_FetchData.robot">
<test id="s1-t1" name="Testing World">
<kw name="Start and Maximize Browser" library="resource">
<doc>This is start browser and Maximize browser</doc>
<arguments>
<arg>${URL}</arg>
<arg>${Browser}</arg>
</arguments>
<assign>
<var>${title}</var>
</assign>
<kw name="Open Browser" library="SeleniumLibrary">
<doc>Opens a new browser instance to the optional ``url``.</doc>
<arguments>
<arg>${URL}</arg>
<arg>${Browser}</arg>
</arguments>
<msg timestamp="20210201 10:02:10.602" level="INFO">Opening browser 'Chrome' to base url 'https://www.thetestingworld.com/testings/'.</msg>
<status status="PASS" starttime="20210201 10:02:10.602" endtime="20210201 10:02:17.041"></status>
</kw>
<kw name="Maximize Browser Window" library="SeleniumLibrary">
<doc>Maximizes current browser window.</doc>
<status status="PASS" starttime="20210201 10:02:17.049" endtime="20210201 10:02:19.367"></status>
</kw>
<kw name="Sleep" library="BuiltIn">
<doc>Pauses the test executed for the given time.</doc>
<arguments>
<arg>5s</arg>
</arguments>
<msg timestamp="20210201 10:02:24.371" level="INFO">Slept 5 seconds</msg>
<status status="PASS" starttime="20210201 10:02:19.367" endtime="20210201 10:02:24.371"></status>
</kw>
<kw name="Get Title" library="SeleniumLibrary">
<doc>Returns the title of the current page.</doc>
<assign>
<var>${title}</var>
</assign>
<msg timestamp="20210201 10:02:24.379" level="INFO">${title} = Login &amp; Sign Up Forms</msg>
<status status="PASS" starttime="20210201 10:02:24.371" endtime="20210201 10:02:24.379"></status>
</kw>
<msg timestamp="20210201 10:02:24.379" level="INFO">${title} = Login &amp; Sign Up Forms</msg>
<timeout value="28 seconds"></timeout>
<status status="PASS" starttime="20210201 10:02:10.602" endtime="20210201 10:02:24.379"></status>
</kw>
<kw name="Log" library="BuiltIn">
<doc>Logs the given message with the given level.</doc>
<arguments>
<arg>${title}</arg>
</arguments>
<msg timestamp="20210201 10:02:24.379" level="INFO">Login &amp; Sign Up Forms</msg>
<status status="PASS" starttime="20210201 10:02:24.379" endtime="20210201 10:02:24.379"></status>
</kw>
<kw name="creat folder at runtime" library="resource">
<arguments>
<arg>testing</arg>
<arg>hello123</arg>
</arguments>
<kw name="Creat Folder" library="userDefineKeywords">
<arguments>
<arg>${foldername}</arg>
</arguments>
<status status="PASS" starttime="20210201 10:02:24.387" endtime="20210201 10:02:24.387"></status>
</kw>
<kw name="Create Subfolder" library="userDefineKeywords">
<arguments>
<arg>${subfoldername}</arg>
</arguments>
<status status="PASS" starttime="20210201 10:02:24.387" endtime="20210201 10:02:24.387"></status>
</kw>
<status status="PASS" starttime="20210201 10:02:24.379" endtime="20210201 10:02:24.387"></status>
</kw>
<kw name="Close Browser" library="SeleniumLibrary">
<doc>Closes the current browser.</doc>
<status status="PASS" starttime="20210201 10:02:24.387" endtime="20210201 10:02:29.295"></status>
</kw>
<status status="PASS" starttime="20210201 10:02:10.602" endtime="20210201 10:02:29.295" critical="yes"></status>
</test>
<status status="PASS" starttime="20210201 10:02:10.240" endtime="20210201 10:02:29.295"></status>
</suite>
<statistics>
<total>
<stat pass="1" fail="0">Critical Tests</stat>
<stat pass="1" fail="0">All Tests</stat>
</total>
<tag>
</tag>
<suite>
<stat pass="1" fail="0" id="s1" name="TC 014 FetchData">TC 014 FetchData</stat>
</suite>
</statistics>
<errors>
</errors>
</robot>
